<?xml version="1.0" encoding="UTF-8"?>
<testng-results skipped="0" failed="0" ignored="0" total="0" passed="0">
  <reporter-output>
  </reporter-output>
  <suite name="by.htp.formtest.TestForm.AppTest" duration-ms="9" started-at="2017-12-27T07:39:05Z" finished-at="2017-12-27T07:39:05Z">
    <groups>
    </groups>
    <test name="Command line test" duration-ms="9" started-at="2017-12-27T07:39:05Z" finished-at="2017-12-27T07:39:05Z">
    </test> <!-- Command line test -->
  </suite> <!-- by.htp.formtest.TestForm.AppTest -->
</testng-results>
